<?xml version="1.0" encoding="UTF-8"?>
<testng-results ignored="0" total="1" passed="1" failed="0" skipped="0">
  <reporter-output>
  </reporter-output>
  <suite started-at="2024-09-19T20:58:18 IST" name="Default suite" finished-at="2024-09-19T20:58:18 IST" duration-ms="55">
    <groups>
    </groups>
    <test started-at="2024-09-19T20:58:18 IST" name="Default test" finished-at="2024-09-19T20:58:18 IST" duration-ms="55">
      <class name="demo.SampleTest">
        <test-method signature="createProduct()[pri:0, instance:demo.SampleTest@36902638]" started-at="2024-09-19T20:58:18 IST" name="createProduct" finished-at="2024-09-19T20:58:18 IST" duration-ms="17" status="PASS">
          <reporter-output>
          </reporter-output>
        </test-method> <!-- createProduct -->
      </class> <!-- demo.SampleTest -->
    </test> <!-- Default test -->
  </suite> <!-- Default suite -->
</testng-results>
